558592194652415
279296098206657
279296098206657
279296098206657
279296098206657
279296098206657
279296098206657
279296098206657
279296098206657
279296098206657
279296098206657
279296098206657
279296098206657
279296098206657
279296098206657
279296098206657
279296098206657
279296098206657
279296098206657
279296098206657
279296098206657
279296098206657
279296098206657
279296098206657
279296098206657
279296098206657
279296098206657
279296098206657
279296098206657
279296098206657
279296098206657
279296098206657
279296098206657
279296098206657
279296098206657
279296098206657
279296098206657
279296098206657
279296098206657
279296098206657
279296098206657
279296098206657
279296098206657
279296098206657
279296098206657
279296098206657
279296098206657
279296098206657
279296098206657
279296098206657
279296098206657
279296098206657
279296098206657
279296098206657
279296098206657
279296098206657
279296098206657
279296098206657
279296098206657
279296098206657
279296098206657
279296098206657
279296098206657
279296098206657
279296098206657
279296098206657
279296098206657
279296098206657
279296098206657
279296098206657
279296098206657
279296098206657
279296098206657
279296098206657
279296098206657
279296098206657
279296098206657
279296098206657
279296098206657
279296098206657
279296098206657
279296098206657
279296098206657
279296098206657
279296098206657
279296098206657
279296098206657
279296098206657
279296098206657
279296098206657
279296098206657
279296098206657
279296098206657
279296098206657
279296098206657
279296098206657
279296098206657
279296098206657
279296098206657
279296098206657
279296098206657
279296098206657
279296098206657
279296098206657
279296098206657
279296098206657
279296098206657
279296098206657
279296098206657
279296098206657
279296098206657
279296098206657
279296098206657
279296098206657
279296098206657
279296098206657
279296098206657
279296098206657
279296098206657
279296098206657
279296098206657
279296098206657
279296098206657
