560764727765247
280382364763073
280382364763073
280382364763073
280382364763073
280382364763073
280382364763073
280382364763073
280382364763073
280382364763073
280382364763073
280382364763073
280382364763073
280382364763073
280382364763073
280382364763073
280382364763073
280382364763073
280382364763073
280382364763073
280382364763073
280382364763073
280382364763073
280382364763073
280382364763073
280382364763073
280382364763073
280382364763073
280382364763073
280382364763073
280382364763073
280382364763073
280382364763073
280382364763073
280382364763073
280382364763073
280382364763073
280382364763073
280382364763073
280382364763073
280382364763073
280382364763073
280382364763073
280382364763073
280382364763073
280382364763073
280382364763073
280382364763073
280382364763073
280382364763073
280382364763073
280382364763073
280382364763073
280382364763073
280382364763073
280382364763073
280382364763073
280382364763073
280382364763073
280382364763073
280382364763073
280382364763073
280382364763073
280382364763073
280382364763073
280382364763073
280382364763073
280382364763073
280382364763073
280382364763073
280382364763073
280382364763073
280382364763073
280382364763073
280382364763073
280382364763073
280382364763073
280382364763073
280382364763073
280382364763073
280382364763073
280382364763073
280382364763073
280382364763073
280382364763073
280382364763073
280382364763073
280382364763073
280382364763073
280382364763073
280382364763073
280382364763073
280382364763073
280382364763073
280382364763073
280382364763073
280382364763073
280382364763073
280382364763073
280382364763073
280382364763073
280382364763073
280382364763073
280382364763073
280382364763073
280382364763073
280382364763073
280382364763073
280382364763073
280382364763073
280382364763073
280382364763073
280382364763073
280382364763073
280382364763073
280382364763073
280382364763073
280382364763073
280382364763073
280382364763073
280382364763073
280382364763073
280382364763073
