561081789982975
280540895871937
280540895871937
280540895871937
280540895871937
280540895871937
280540895871937
280540895871937
280540895871937
280540895871937
280540895871937
280540895871937
280540895871937
280540895871937
280540895871937
280540895871937
280540895871937
280540895871937
280540895871937
280540895871937
280540895871937
280540895871937
280540895871937
280540895871937
280540895871937
280540895871937
280540895871937
280540895871937
280540895871937
280540895871937
280540895871937
280540895871937
280540895871937
280540895871937
280540895871937
280540895871937
280540895871937
280540895871937
280540895871937
280540895871937
280540895871937
280540895871937
280540895871937
280540895871937
280540895871937
280540895871937
280540895871937
280540895871937
280540895871937
280540895871937
280540895871937
280540895871937
280540895871937
280540895871937
280540895871937
280540895871937
280540895871937
280540895871937
280540895871937
280540895871937
280540895871937
280540895871937
280540895871937
280540895871937
280540895871937
280540895871937
280540895871937
280540895871937
280540895871937
280540895871937
280540895871937
280540895871937
280540895871937
280540895871937
280540895871937
280540895871937
280540895871937
280540895871937
280540895871937
280540895871937
280540895871937
280540895871937
280540895871937
280540895871937
280540895871937
280540895871937
280540895871937
280540895871937
280540895871937
280540895871937
280540895871937
280540895871937
280540895871937
280540895871937
280540895871937
280540895871937
280540895871937
280540895871937
280540895871937
280540895871937
280540895871937
280540895871937
280540895871937
280540895871937
280540895871937
280540895871937
280540895871937
280540895871937
280540895871937
280540895871937
280540895871937
280540895871937
280540895871937
280540895871937
280540895871937
280540895871937
280540895871937
280540895871937
280540895871937
280540895871937
280540895871937
280540895871937
280540895871937
