558756698794239
279378350277569
279378350277569
279378350277569
279378350277569
279378350277569
279378350277569
279378350277569
279378350277569
279378350277569
279378350277569
279378350277569
279378350277569
279378350277569
279378350277569
279378350277569
279378350277569
279378350277569
279378350277569
279378350277569
279378350277569
279378350277569
279378350277569
279378350277569
279378350277569
279378350277569
279378350277569
279378350277569
279378350277569
279378350277569
279378350277569
279378350277569
279378350277569
279378350277569
279378350277569
279378350277569
279378350277569
279378350277569
279378350277569
279378350277569
279378350277569
279378350277569
279378350277569
279378350277569
279378350277569
279378350277569
279378350277569
279378350277569
279378350277569
279378350277569
279378350277569
279378350277569
279378350277569
279378350277569
279378350277569
279378350277569
279378350277569
279378350277569
279378350277569
279378350277569
279378350277569
279378350277569
279378350277569
279378350277569
279378350277569
279378350277569
279378350277569
279378350277569
279378350277569
279378350277569
279378350277569
279378350277569
279378350277569
279378350277569
279378350277569
279378350277569
279378350277569
279378350277569
279378350277569
279378350277569
279378350277569
279378350277569
279378350277569
279378350277569
279378350277569
279378350277569
279378350277569
279378350277569
279378350277569
279378350277569
279378350277569
279378350277569
279378350277569
279378350277569
279378350277569
279378350277569
279378350277569
279378350277569
279378350277569
279378350277569
279378350277569
279378350277569
279378350277569
279378350277569
279378350277569
279378350277569
279378350277569
279378350277569
279378350277569
279378350277569
279378350277569
279378350277569
279378350277569
279378350277569
279378350277569
279378350277569
279378350277569
279378350277569
279378350277569
279378350277569
279378350277569
279378350277569
279378350277569
