561735332980991
280867667370945
280867667370945
280867667370945
280867667370945
280867667370945
280867667370945
280867667370945
280867667370945
280867667370945
280867667370945
280867667370945
280867667370945
280867667370945
280867667370945
280867667370945
280867667370945
280867667370945
280867667370945
280867667370945
280867667370945
280867667370945
280867667370945
280867667370945
280867667370945
280867667370945
280867667370945
280867667370945
280867667370945
280867667370945
280867667370945
280867667370945
280867667370945
280867667370945
280867667370945
280867667370945
280867667370945
280867667370945
280867667370945
280867667370945
280867667370945
280867667370945
280867667370945
280867667370945
280867667370945
280867667370945
280867667370945
280867667370945
280867667370945
280867667370945
280867667370945
280867667370945
280867667370945
280867667370945
280867667370945
280867667370945
280867667370945
280867667370945
280867667370945
280867667370945
280867667370945
280867667370945
280867667370945
280867667370945
280867667370945
280867667370945
280867667370945
280867667370945
280867667370945
280867667370945
280867667370945
280867667370945
280867667370945
280867667370945
280867667370945
280867667370945
280867667370945
280867667370945
280867667370945
280867667370945
280867667370945
280867667370945
280867667370945
280867667370945
280867667370945
280867667370945
280867667370945
280867667370945
280867667370945
280867667370945
280867667370945
280867667370945
280867667370945
280867667370945
280867667370945
280867667370945
280867667370945
280867667370945
280867667370945
280867667370945
280867667370945
280867667370945
280867667370945
280867667370945
280867667370945
280867667370945
280867667370945
280867667370945
280867667370945
280867667370945
280867667370945
280867667370945
280867667370945
280867667370945
280867667370945
280867667370945
280867667370945
280867667370945
280867667370945
280867667370945
280867667370945
280867667370945
280867667370945
