562477017934079
281238509847489
281238509847489
281238509847489
281238509847489
281238509847489
281238509847489
281238509847489
281238509847489
281238509847489
281238509847489
281238509847489
281238509847489
281238509847489
281238509847489
281238509847489
281238509847489
281238509847489
281238509847489
281238509847489
281238509847489
281238509847489
281238509847489
281238509847489
281238509847489
281238509847489
281238509847489
281238509847489
281238509847489
281238509847489
281238509847489
281238509847489
281238509847489
281238509847489
281238509847489
281238509847489
281238509847489
281238509847489
281238509847489
281238509847489
281238509847489
281238509847489
281238509847489
281238509847489
281238509847489
281238509847489
281238509847489
281238509847489
281238509847489
281238509847489
281238509847489
281238509847489
281238509847489
281238509847489
281238509847489
281238509847489
281238509847489
281238509847489
281238509847489
281238509847489
281238509847489
281238509847489
281238509847489
281238509847489
281238509847489
281238509847489
281238509847489
281238509847489
281238509847489
281238509847489
281238509847489
281238509847489
281238509847489
281238509847489
281238509847489
281238509847489
281238509847489
281238509847489
281238509847489
281238509847489
281238509847489
281238509847489
281238509847489
281238509847489
281238509847489
281238509847489
281238509847489
281238509847489
281238509847489
281238509847489
281238509847489
281238509847489
281238509847489
281238509847489
281238509847489
281238509847489
281238509847489
281238509847489
281238509847489
281238509847489
281238509847489
281238509847489
281238509847489
281238509847489
281238509847489
281238509847489
281238509847489
281238509847489
281238509847489
281238509847489
281238509847489
281238509847489
281238509847489
281238509847489
281238509847489
281238509847489
281238509847489
281238509847489
281238509847489
281238509847489
281238509847489
281238509847489
281238509847489
