560561576585471
280280789173185
280280789173185
280280789173185
280280789173185
280280789173185
280280789173185
280280789173185
280280789173185
280280789173185
280280789173185
280280789173185
280280789173185
280280789173185
280280789173185
280280789173185
280280789173185
280280789173185
280280789173185
280280789173185
280280789173185
280280789173185
280280789173185
280280789173185
280280789173185
280280789173185
280280789173185
280280789173185
280280789173185
280280789173185
280280789173185
280280789173185
280280789173185
280280789173185
280280789173185
280280789173185
280280789173185
280280789173185
280280789173185
280280789173185
280280789173185
280280789173185
280280789173185
280280789173185
280280789173185
280280789173185
280280789173185
280280789173185
280280789173185
280280789173185
280280789173185
280280789173185
280280789173185
280280789173185
280280789173185
280280789173185
280280789173185
280280789173185
280280789173185
280280789173185
280280789173185
280280789173185
280280789173185
280280789173185
280280789173185
280280789173185
280280789173185
280280789173185
280280789173185
280280789173185
280280789173185
280280789173185
280280789173185
280280789173185
280280789173185
280280789173185
280280789173185
280280789173185
280280789173185
280280789173185
280280789173185
280280789173185
280280789173185
280280789173185
280280789173185
280280789173185
280280789173185
280280789173185
280280789173185
280280789173185
280280789173185
280280789173185
280280789173185
280280789173185
280280789173185
280280789173185
280280789173185
280280789173185
280280789173185
280280789173185
280280789173185
280280789173185
280280789173185
280280789173185
280280789173185
280280789173185
280280789173185
280280789173185
280280789173185
280280789173185
280280789173185
280280789173185
280280789173185
280280789173185
280280789173185
280280789173185
280280789173185
280280789173185
280280789173185
280280789173185
280280789173185
280280789173185
280280789173185
