559933504530687
279966753145793
279966753145793
279966753145793
279966753145793
279966753145793
279966753145793
279966753145793
279966753145793
279966753145793
279966753145793
279966753145793
279966753145793
279966753145793
279966753145793
279966753145793
279966753145793
279966753145793
279966753145793
279966753145793
279966753145793
279966753145793
279966753145793
279966753145793
279966753145793
279966753145793
279966753145793
279966753145793
279966753145793
279966753145793
279966753145793
279966753145793
279966753145793
279966753145793
279966753145793
279966753145793
279966753145793
279966753145793
279966753145793
279966753145793
279966753145793
279966753145793
279966753145793
279966753145793
279966753145793
279966753145793
279966753145793
279966753145793
279966753145793
279966753145793
279966753145793
279966753145793
279966753145793
279966753145793
279966753145793
279966753145793
279966753145793
279966753145793
279966753145793
279966753145793
279966753145793
279966753145793
279966753145793
279966753145793
279966753145793
279966753145793
279966753145793
279966753145793
279966753145793
279966753145793
279966753145793
279966753145793
279966753145793
279966753145793
279966753145793
279966753145793
279966753145793
279966753145793
279966753145793
279966753145793
279966753145793
279966753145793
279966753145793
279966753145793
279966753145793
279966753145793
279966753145793
279966753145793
279966753145793
279966753145793
279966753145793
279966753145793
279966753145793
279966753145793
279966753145793
279966753145793
279966753145793
279966753145793
279966753145793
279966753145793
279966753145793
279966753145793
279966753145793
279966753145793
279966753145793
279966753145793
279966753145793
279966753145793
279966753145793
279966753145793
279966753145793
279966753145793
279966753145793
279966753145793
279966753145793
279966753145793
279966753145793
279966753145793
279966753145793
279966753145793
279966753145793
279966753145793
279966753145793
